#
# There is insufficient memory for the Java Runtime Environment to continue.
# Native memory allocation (mmap) failed to map 268435456 bytes. Error detail: G1 virtual space
# Possible reasons:
#   The system is out of physical RAM or swap space
#   This process is running with CompressedOops enabled, and the Java Heap may be blocking the growth of the native heap
# Possible solutions:
#   Reduce memory load on the system
#   Increase physical memory or swap space
#   Check if swap backing store is full
#   Decrease Java heap size (-Xmx/-Xms)
#   Decrease number of Java threads
#   Decrease Java thread stack sizes (-Xss)
#   Set larger code cache with -XX:ReservedCodeCacheSize=
#   JVM is running with Zero Based Compressed Oops mode in which the Java heap is
#     placed in the first 32GB address space. The Java Heap base address is the
#     maximum limit for the native heap growth. Please use -XX:HeapBaseMinAddress
#     to set the Java Heap base and to place the Java Heap above 32GB virtual address.
# This output file may be truncated or incomplete.
#
#  Out of Memory Error (os_windows.cpp:3898), pid=15096, tid=28384
#
# JRE version:  (21.0.7+9) (build )
# Java VM: OpenJDK 64-Bit Server VM (21.0.7+9-b895.130, mixed mode, sharing, tiered, compressed oops, compressed class ptrs, g1 gc, windows-amd64)
# Core dump will be written. Default location: C:\Users\lianqiao\PhpstormProjects\zhizhuchi\hs_err_pid15096.mdmp
#

---------------  S U M M A R Y ------------

Command Line: git4idea.http.GitAskPassApp Username for 'https://github.com': 

Host: Intel(R) Xeon(R) CPU E5-2686 v4 @ 2.30GHz, 4 cores, 15G,  Windows Server 2022 , 64 bit Build 20348 (10.0.20348.3692)
Time: Tue Jul  8 14:30:13 2025  Windows Server 2022 , 64 bit Build 20348 (10.0.20348.3692) elapsed time: 0.069863 seconds (0d 0h 0m 0s)

---------------  T H R E A D  ---------------

Current thread (0x000001cbb4e70610):  JavaThread "Unknown thread" [_thread_in_vm, id=28384, stack(0x0000004877f00000,0x0000004878000000) (1024K)]

Stack: [0x0000004877f00000,0x0000004878000000]
Native frames: (J=compiled Java code, j=interpreted, Vv=VM code, C=native code)
V  [jvm.dll+0x6e6049]
V  [jvm.dll+0x8c4343]
V  [jvm.dll+0x8c689e]
V  [jvm.dll+0x8c6f83]
V  [jvm.dll+0x289266]
V  [jvm.dll+0x6e28c5]
V  [jvm.dll+0x6d634a]
V  [jvm.dll+0x36388b]
V  [jvm.dll+0x36b456]
V  [jvm.dll+0x3bd7e6]
V  [jvm.dll+0x3bdab8]
V  [jvm.dll+0x335fdc]
V  [jvm.dll+0x336ccb]
V  [jvm.dll+0x88b7a9]
V  [jvm.dll+0x3ca9b8]
V  [jvm.dll+0x8747f8]
V  [jvm.dll+0x45f3ce]
V  [jvm.dll+0x4610b1]
C  [jli.dll+0x52ab]
C  [ucrtbase.dll+0x26b4c]
C  [KERNEL32.DLL+0x14cb0]
C  [ntdll.dll+0x7edcb]


---------------  P R O C E S S  ---------------

Threads class SMR info:
_java_thread_list=0x00007fff1122b148, length=0, elements={
}

Java Threads: ( => current thread )
Total: 0

Other Threads:
  0x000001cbb6fd6e50 WorkerThread "GC Thread#0"                     [id=1476, stack(0x0000004878000000,0x0000004878100000) (1024K)]
  0x000001cbb6fe93f0 ConcurrentGCThread "G1 Main Marker"            [id=20504, stack(0x0000004878100000,0x0000004878200000) (1024K)]
  0x000001cbb6fe9ef0 WorkerThread "G1 Conc#0"                       [id=27520, stack(0x0000004878200000,0x0000004878300000) (1024K)]

[error occurred during error reporting (printing all threads), id 0xc0000005, EXCEPTION_ACCESS_VIOLATION (0xc0000005) at pc=0x00007fff109190b7]
VM state: not at safepoint (not fully initialized)

VM Mutex/Monitor currently owned by a thread:  ([mutex/lock_event])
[0x00007fff1129fab8] Heap_lock - owner thread: 0x000001cbb4e70610

Heap address: 0x0000000700000000, size: 4096 MB, Compressed Oops mode: Zero based, Oop shift amount: 3

CDS archive(s) mapped at: [0x0000000000000000-0x0000000000000000-0x0000000000000000), size 0, SharedBaseAddress: 0x0000000800000000, ArchiveRelocationMode: 1.
Narrow klass base: 0x0000000000000000, Narrow klass shift: 0, Narrow klass range: 0x0

GC Precious Log:
 CardTable entry size: 512
 Card Set container configuration: InlinePtr #cards 4 size 8 Array Of Cards #cards 16 size 48 Howl #buckets 8 coarsen threshold 3686 Howl Bitmap #cards 512 size 80 coarsen threshold 460 Card regions per heap region 1 cards per card region 4096

Heap:
 garbage-first heap   total 0K, used 0K [0x0000000700000000, 0x0000000800000000)
  region size 2048K, 0 young (0K), 0 survivors (0K)
 Metaspace       used 0K, committed 0K, reserved 0K
  class space    used 0K, committed 0K, reserved 0K

Heap Regions: E=young(eden), S=young(survivor), O=old, HS=humongous(starts), HC=humongous(continues), CS=collection set, F=free, TAMS=top-at-mark-start, PB=parsable bottom

Card table byte_map: [0x000001cbca7c0000,0x000001cbcafc0000] _byte_map_base: 0x000001cbc6fc0000

Marking Bits: (CMBitMap*) 0x000001cbb6fd8960
 Bits: [0x000001cbcafc0000, 0x000001cbcefc0000)

GC Heap History (0 events):
No events

Dll operation events (1 events):
Event: 0.056 Loaded shared library C:\Program Files\JetBrains\PhpStorm 2025.1.3\jbr\bin\java.dll

Deoptimization events (0 events):
No events

Classes loaded (0 events):
No events

Classes unloaded (0 events):
No events

Classes redefined (0 events):
No events

Internal exceptions (0 events):
No events

ZGC Phase Switch (0 events):
No events

VM Operations (0 events):
No events

Memory protections (0 events):
No events

Nmethod flushes (0 events):
No events

Events (0 events):
No events


Dynamic libraries:
0x00007ff760f10000 - 0x00007ff760f1a000 	C:\Program Files\JetBrains\PhpStorm 2025.1.3\jbr\bin\java.exe
0x00007fff50c00000 - 0x00007fff50e01000 	C:\Windows\SYSTEM32\ntdll.dll
0x00007fff4ec70000 - 0x00007fff4ed2c000 	C:\Windows\System32\KERNEL32.DLL
0x00007fff4e740000 - 0x00007fff4eab0000 	C:\Windows\System32\KERNELBASE.dll
0x00007fff4e630000 - 0x00007fff4e740000 	C:\Windows\System32\ucrtbase.dll
0x00007fff3de20000 - 0x00007fff3de3b000 	C:\Program Files\JetBrains\PhpStorm 2025.1.3\jbr\bin\VCRUNTIME140.dll
0x00007fff3d8e0000 - 0x00007fff3d8f8000 	C:\Program Files\JetBrains\PhpStorm 2025.1.3\jbr\bin\jli.dll
0x00007fff50150000 - 0x00007fff502f5000 	C:\Windows\System32\USER32.dll
0x00007fff4e600000 - 0x00007fff4e626000 	C:\Windows\System32\win32u.dll
0x00007fff3ba40000 - 0x00007fff3bce5000 	C:\Windows\WinSxS\amd64_microsoft.windows.common-controls_6595b64144ccf1df_6.0.20348.3804_none_9472f657eef4e288\COMCTL32.dll
0x00007fff50300000 - 0x00007fff5032c000 	C:\Windows\System32\GDI32.dll
0x00007fff4e4e0000 - 0x00007fff4e5fd000 	C:\Windows\System32\gdi32full.dll
0x00007fff50b10000 - 0x00007fff50bb3000 	C:\Windows\System32\msvcrt.dll
0x00007fff4e350000 - 0x00007fff4e3f0000 	C:\Windows\System32\msvcp_win.dll
0x00007fff50330000 - 0x00007fff50361000 	C:\Windows\System32\IMM32.DLL
0x00007fff3e900000 - 0x00007fff3e90c000 	C:\Program Files\JetBrains\PhpStorm 2025.1.3\jbr\bin\vcruntime140_1.dll
0x00007fff17f40000 - 0x00007fff17fcd000 	C:\Program Files\JetBrains\PhpStorm 2025.1.3\jbr\bin\msvcp140.dll
0x00007fff105d0000 - 0x00007fff11391000 	C:\Program Files\JetBrains\PhpStorm 2025.1.3\jbr\bin\server\jvm.dll
0x00007fff4f820000 - 0x00007fff4f8d1000 	C:\Windows\System32\ADVAPI32.dll
0x00007fff4ee20000 - 0x00007fff4eec2000 	C:\Windows\System32\sechost.dll
0x00007fff4e3f0000 - 0x00007fff4e417000 	C:\Windows\System32\bcrypt.dll
0x00007fff4eb50000 - 0x00007fff4ec6e000 	C:\Windows\System32\RPCRT4.dll
0x00007fff50a30000 - 0x00007fff50aa1000 	C:\Windows\System32\WS2_32.dll
0x00007fff4e040000 - 0x00007fff4e08d000 	C:\Windows\SYSTEM32\POWRPROF.dll
0x00007fff45f20000 - 0x00007fff45f47000 	C:\Windows\SYSTEM32\WINMM.dll
0x00007fff42640000 - 0x00007fff4264a000 	C:\Windows\SYSTEM32\VERSION.dll
0x00007fff4e020000 - 0x00007fff4e033000 	C:\Windows\SYSTEM32\UMPDC.dll
0x00007fff4ca60000 - 0x00007fff4ca77000 	C:\Windows\SYSTEM32\kernel.appcore.dll
0x00007fff3de10000 - 0x00007fff3de1a000 	C:\Program Files\JetBrains\PhpStorm 2025.1.3\jbr\bin\jimage.dll
0x00007fff3c080000 - 0x00007fff3c2a0000 	C:\Windows\SYSTEM32\DBGHELP.DLL
0x00007fff3a0b0000 - 0x00007fff3a0e0000 	C:\Windows\SYSTEM32\dbgcore.DLL
0x00007fff4e2d0000 - 0x00007fff4e34f000 	C:\Windows\System32\bcryptPrimitives.dll
0x00007fff3ddf0000 - 0x00007fff3de10000 	C:\Program Files\JetBrains\PhpStorm 2025.1.3\jbr\bin\java.dll

dbghelp: loaded successfully - version: 4.0.5 - missing functions: none
symbol engine: initialized successfully - sym options: 0x614 - pdb path: .;C:\Program Files\JetBrains\PhpStorm 2025.1.3\jbr\bin;C:\Windows\SYSTEM32;C:\Windows\WinSxS\amd64_microsoft.windows.common-controls_6595b64144ccf1df_6.0.20348.3804_none_9472f657eef4e288;C:\Program Files\JetBrains\PhpStorm 2025.1.3\jbr\bin\server

VM Arguments:
java_command: git4idea.http.GitAskPassApp Username for 'https://github.com': 
java_class_path (initial): C:/Program Files/JetBrains/PhpStorm 2025.1.3/plugins/vcs-git/lib/git4idea-rt.jar;C:/Program Files/JetBrains/PhpStorm 2025.1.3/lib/externalProcess-rt.jar
Launcher Type: SUN_STANDARD

[Global flags]
     intx CICompilerCount                          = 3                                         {product} {ergonomic}
     uint ConcGCThreads                            = 1                                         {product} {ergonomic}
     uint G1ConcRefinementThreads                  = 4                                         {product} {ergonomic}
   size_t G1HeapRegionSize                         = 2097152                                   {product} {ergonomic}
    uintx GCDrainStackTargetSize                   = 64                                        {product} {ergonomic}
   size_t InitialHeapSize                          = 268435456                                 {product} {ergonomic}
   size_t MarkStackSize                            = 4194304                                   {product} {ergonomic}
   size_t MaxHeapSize                              = 4294967296                                {product} {ergonomic}
   size_t MinHeapDeltaBytes                        = 2097152                                   {product} {ergonomic}
   size_t MinHeapSize                              = 8388608                                   {product} {ergonomic}
    uintx NonNMethodCodeHeapSize                   = 5832780                                {pd product} {ergonomic}
    uintx NonProfiledCodeHeapSize                  = 122912730                              {pd product} {ergonomic}
    uintx ProfiledCodeHeapSize                     = 122912730                              {pd product} {ergonomic}
    uintx ReservedCodeCacheSize                    = 251658240                              {pd product} {ergonomic}
     bool SegmentedCodeCache                       = true                                      {product} {ergonomic}
   size_t SoftMaxHeapSize                          = 4294967296                             {manageable} {ergonomic}
     bool UseCompressedOops                        = true                           {product lp64_product} {ergonomic}
     bool UseG1GC                                  = true                                      {product} {ergonomic}
     bool UseLargePagesIndividualAllocation        = false                                  {pd product} {ergonomic}

Logging:
Log output configuration:
 #0: stdout all=warning uptime,level,tags foldmultilines=false
 #1: stderr all=off uptime,level,tags foldmultilines=false

Environment Variables:
PATH=C:\Program Files\Git\mingw64\libexec\git-core;C:\Program Files\Git\mingw64\libexec\git-core;C:\Program Files\Git\mingw64\bin;C:\Program Files\Git\usr\bin;C:\Users\lianqiao\bin;C:\Windows\system32;C:\Windows;C:\Windows\System32\Wbem;C:\Windows\System32\WindowsPowerShell\v1.0;C:\Windows\System32\OpenSSH;C:\Program Files\Amazon\cfn-bootstrap;C:\Program Files (x86)\NetSarang\Xshell 8;C:\Program Files (x86)\NetSarang\Xftp 8;C:\Users\lianqiao\php7.2;C:\Users\lianqiao\AppData\Local\Programs\Python\Python310\Scripts;C:\Users\lianqiao\AppData\Local\Programs\Python\Python310;C:\Users\lianqiao\AppData\Local\Microsoft\WindowsApps;C:\Users\lianqiao\AppData\Local\Programs\Microsoft VS Code\bin;C:\Users\lianqiao\php7.2;C:\Program Files\JetBrains\PhpStorm 2025.1.3\bin;C:\EServer\core\bin;C:\Program Files\JetBrains\PyCharm 2025.1.2\bin
USERNAME=lianqiao
DISPLAY=:0.0
LC_ALL=en_US.UTF-8
TERM=xterm-256color
TMPDIR=C:\Users\lianqiao\AppData\Local\Temp\3
OS=Windows_NT
PROCESSOR_IDENTIFIER=Intel64 Family 6 Model 79 Stepping 1, GenuineIntel
TMP=C:\Users\lianqiao\AppData\Local\Temp\3
TEMP=C:\Users\lianqiao\AppData\Local\Temp\3




Periodic native trim disabled

JNI global refs:
JNI global refs: 0, weak refs: 0

JNI global refs memory usage: 0, weak refs: 0

Process memory usage:
Resident Set Size: 11068K (0% of 16776816K total physical memory with 2939948K free physical memory)

OOME stack traces (most recent first):
Classloader memory used:

---------------  S Y S T E M  ---------------

OS:
 Windows Server 2022 , 64 bit Build 20348 (10.0.20348.3692)
OS uptime: 17 days 0:34 hours
Xen hardware-assisted virtualization detected

CPU: total 4 (initial active 4) (4 cores per cpu, 1 threads per core) family 6 model 79 stepping 1 microcode 0xd000404, cx8, cmov, fxsr, mmx, sse, sse2, sse3, ssse3, sse4.1, sse4.2, popcnt, lzcnt, tsc, avx, avx2, aes, erms, clmul, bmi1, bmi2, fma, vzeroupper, clflush, hv, rdtscp, f16c
Processor Information for the first 4 processors :
  Max Mhz: 2300, Current Mhz: 2300, Mhz Limit: 2300

Memory: 4k page, system-wide physical 16383M (2871M free)
TotalPageFile size 29183M (AvailPageFile size 98M)
current process WorkingSet (physical memory assigned to process): 10M, peak: 10M
current process commit charge ("private bytes"): 52M, peak: 308M

vm_info: OpenJDK 64-Bit Server VM (21.0.7+9-b895.130) for windows-amd64 JRE (21.0.7+9-b895.130), built on 2025-05-13 by "builduser" with MS VC++ 16.10 / 16.11 (VS2019)

END.
